------------------------------------------
📅 Backup started at: Thu Mar 12 10:15:19 IST 2026

> clickup-clone@0.1.0 db:backup
> node scripts/backup/mongodb-backup.js

[dotenv@17.3.1] injecting env (21) from .env -- tip: 🛠️  run anywhere with `dotenvx run -- yourcommand`
🚀 Starting Kravy POS Ultimate Backup...
📦 Generating backup: kravy-pos-backup-2026-03-12T04-45-19-484Z.gz...
✅ Local backup created successfully.
📤 Uploading to S3 bucket: magicscale-backups...
✨ Backup uploaded successfully to cloud: kravy-pos-backup-2026-03-12T04-45-19-484Z.gz
📝 Backup metadata saved to database.
🧹 Local temporary file cleaned up.
🏁 Backup process completed successfully!
✅ Backup process finished successfully.
🕒 Finished at: Thu Mar 12 10:15:24 IST 2026
------------------------------------------
------------------------------------------
📅 Backup started at: Sat Mar 14 10:56:34 IST 2026

> clickup-clone@0.1.0 db:backup
> node scripts/backup/mongodb-backup.js

[dotenv@17.3.1] injecting env (21) from .env -- tip: 🛠️  run anywhere with `dotenvx run -- yourcommand`
🚀 Starting Kravy POS Pure-JS Backup...
📦 Generating backup: kravy-pos-backup-2026-03-14T05-26-35-367Z.json.gz...
   - Dumping collection: FormRemark...
   - Dumping collection: InternalValue...
   - Dumping collection: AttendanceSummary...
   - Dumping collection: User...
   - Dumping collection: SavedView...
   - Dumping collection: Attendance...
   - Dumping collection: Task...
   - Dumping collection: InternalColumn...
   - Dumping collection: Subtask...
   - Dumping collection: FormPayment...
   - Dumping collection: Goal...
   - Dumping collection: Activity...
   - Dumping collection: AIAnalysis...
   - Dumping collection: DeletedPayment...
   - Dumping collection: FormField...
   - Dumping collection: FormActivity...
   - Dumping collection: Notification...
   - Dumping collection: Customer...
   - Dumping collection: Note...
   - Dumping collection: Backup...
   - Dumping collection: DynamicForm...
   - Dumping collection: FormResponse...
   - Dumping collection: SidebarPermission...
   - Dumping collection: ResponseValue...
   - Dumping collection: PaymentRemark...
✅ Local JSON archive created successfully.
📤 Uploading to S3 bucket: magicscale-backups...
✨ Backup uploaded successfully to cloud: kravy-pos-backup-2026-03-14T05-26-35-367Z.json.gz
📝 Backup metadata saved to database.
🧹 Local temporary file cleaned up.
🏁 Backup process completed successfully!
✅ Backup process finished successfully.
🕒 Finished at: Sat Mar 14 10:56:38 IST 2026
------------------------------------------
------------------------------------------
📅 Backup started at: Sat Mar 14 10:57:01 IST 2026

> clickup-clone@0.1.0 db:backup
> node scripts/backup/mongodb-backup.js

[dotenv@17.3.1] injecting env (21) from .env -- tip: 🛡️ auth for agents: https://vestauth.com
🚀 Starting Kravy POS Pure-JS Backup...
📦 Generating backup: kravy-pos-backup-2026-03-14T05-27-02-066Z.json.gz...
   - Dumping collection: FormRemark...
   - Dumping collection: InternalValue...
   - Dumping collection: AttendanceSummary...
   - Dumping collection: User...
   - Dumping collection: SavedView...
   - Dumping collection: Attendance...
   - Dumping collection: Task...
   - Dumping collection: InternalColumn...
   - Dumping collection: Subtask...
   - Dumping collection: FormPayment...
   - Dumping collection: Goal...
   - Dumping collection: Activity...
   - Dumping collection: AIAnalysis...
   - Dumping collection: DeletedPayment...
   - Dumping collection: FormField...
   - Dumping collection: FormActivity...
   - Dumping collection: Notification...
   - Dumping collection: Customer...
   - Dumping collection: Note...
   - Dumping collection: Backup...
   - Dumping collection: DynamicForm...
   - Dumping collection: FormResponse...
   - Dumping collection: SidebarPermission...
   - Dumping collection: ResponseValue...
   - Dumping collection: PaymentRemark...
✅ Local JSON archive created successfully.
📤 Uploading to S3 bucket: magicscale-backups...
✨ Backup uploaded successfully to cloud: kravy-pos-backup-2026-03-14T05-27-02-066Z.json.gz
📝 Backup metadata saved to database.
🧹 Local temporary file cleaned up.
🏁 Backup process completed successfully!
✅ Backup process finished successfully.
🕒 Finished at: Sat Mar 14 10:57:05 IST 2026
------------------------------------------
DEBUG: Path is /Users/vikas/.nvm/versions/node/v24.13.1/bin:/opt/homebrew/bin:/usr/local/bin:/usr/bin:/bin:/usr/sbin:/sbin:/usr/bin:/bin
DEBUG: Node is at /Users/vikas/.nvm/versions/node/v24.13.1/bin/node
DEBUG: NPM is at /Users/vikas/.nvm/versions/node/v24.13.1/bin/npm
------------------------------------------
📅 Backup started at: Sat Mar 14 10:58:00 IST 2026

> clickup-clone@0.1.0 db:backup
> node scripts/backup/mongodb-backup.js

[dotenv@17.3.1] injecting env (21) from .env -- tip: 🔐 encrypt with Dotenvx: https://dotenvx.com
🚀 Starting Kravy POS Pure-JS Backup...
📦 Generating backup: kravy-pos-backup-2026-03-14T05-28-01-283Z.json.gz...
   - Dumping collection: FormRemark...
   - Dumping collection: InternalValue...
   - Dumping collection: AttendanceSummary...
   - Dumping collection: User...
   - Dumping collection: SavedView...
   - Dumping collection: Attendance...
   - Dumping collection: Task...
   - Dumping collection: InternalColumn...
   - Dumping collection: Subtask...
   - Dumping collection: FormPayment...
   - Dumping collection: Goal...
   - Dumping collection: Activity...
   - Dumping collection: AIAnalysis...
   - Dumping collection: DeletedPayment...
   - Dumping collection: FormField...
   - Dumping collection: FormActivity...
   - Dumping collection: Notification...
   - Dumping collection: Customer...
   - Dumping collection: Note...
   - Dumping collection: Backup...
   - Dumping collection: DynamicForm...
   - Dumping collection: FormResponse...
   - Dumping collection: SidebarPermission...
   - Dumping collection: ResponseValue...
   - Dumping collection: PaymentRemark...
✅ Local JSON archive created successfully.
📤 Uploading to S3 bucket: magicscale-backups...
✨ Backup uploaded successfully to cloud: kravy-pos-backup-2026-03-14T05-28-01-283Z.json.gz
📝 Backup metadata saved to database.
🧹 Local temporary file cleaned up.
🏁 Backup process completed successfully!
✅ Backup process finished successfully.
🕒 Finished at: Sat Mar 14 10:58:04 IST 2026
------------------------------------------
DEBUG: Path is /Users/vikas/.nvm/versions/node/v24.13.1/bin:/opt/homebrew/bin:/usr/local/bin:/usr/bin:/bin:/usr/sbin:/sbin:/usr/bin:/bin:/usr/sbin:/sbin
DEBUG: Node is at /Users/vikas/.nvm/versions/node/v24.13.1/bin/node
DEBUG: NPM is at /Users/vikas/.nvm/versions/node/v24.13.1/bin/npm
------------------------------------------
📅 Backup started at: Sat Mar 14 10:58:08 IST 2026

> clickup-clone@0.1.0 db:backup
> node scripts/backup/mongodb-backup.js

[dotenv@17.3.1] injecting env (21) from .env -- tip: ⚡️ secrets for agents: https://dotenvx.com/as2
🚀 Starting Kravy POS Pure-JS Backup...
📦 Generating backup: kravy-pos-backup-2026-03-14T05-28-09-082Z.json.gz...
   - Dumping collection: FormRemark...
   - Dumping collection: InternalValue...
   - Dumping collection: AttendanceSummary...
   - Dumping collection: User...
   - Dumping collection: SavedView...
   - Dumping collection: Attendance...
   - Dumping collection: Task...
   - Dumping collection: InternalColumn...
   - Dumping collection: Subtask...
   - Dumping collection: FormPayment...
   - Dumping collection: Goal...
   - Dumping collection: Activity...
   - Dumping collection: AIAnalysis...
   - Dumping collection: DeletedPayment...
   - Dumping collection: FormField...
   - Dumping collection: FormActivity...
   - Dumping collection: Notification...
   - Dumping collection: Customer...
   - Dumping collection: Note...
   - Dumping collection: Backup...
   - Dumping collection: DynamicForm...
   - Dumping collection: FormResponse...
   - Dumping collection: SidebarPermission...
   - Dumping collection: ResponseValue...
   - Dumping collection: PaymentRemark...
✅ Local JSON archive created successfully.
📤 Uploading to S3 bucket: magicscale-backups...
✨ Backup uploaded successfully to cloud: kravy-pos-backup-2026-03-14T05-28-09-082Z.json.gz
📝 Backup metadata saved to database.
🧹 Local temporary file cleaned up.
🏁 Backup process completed successfully!
✅ Backup process finished successfully.
🕒 Finished at: Sat Mar 14 10:58:12 IST 2026
------------------------------------------
DEBUG: Path is /Users/vikas/.nvm/versions/node/v24.13.1/bin:/opt/homebrew/bin:/usr/local/bin:/usr/bin:/bin:/usr/sbin:/sbin:/usr/bin:/bin
DEBUG: Node is at /Users/vikas/.nvm/versions/node/v24.13.1/bin/node
DEBUG: NPM is at /Users/vikas/.nvm/versions/node/v24.13.1/bin/npm
------------------------------------------
📅 Backup started at: Sat Mar 14 10:59:01 IST 2026

> clickup-clone@0.1.0 db:backup
> node scripts/backup/mongodb-backup.js

[dotenv@17.3.1] injecting env (21) from .env -- tip: ⚙️  write to custom object with { processEnv: myObject }
🚀 Starting Kravy POS Pure-JS Backup...
📦 Generating backup: kravy-pos-backup-2026-03-14T05-29-01-924Z.json.gz...
   - Dumping collection: FormRemark...
   - Dumping collection: InternalValue...
   - Dumping collection: AttendanceSummary...
   - Dumping collection: User...
   - Dumping collection: SavedView...
   - Dumping collection: Attendance...
   - Dumping collection: Task...
   - Dumping collection: InternalColumn...
   - Dumping collection: Subtask...
   - Dumping collection: FormPayment...
   - Dumping collection: Goal...
   - Dumping collection: Activity...
   - Dumping collection: AIAnalysis...
   - Dumping collection: DeletedPayment...
   - Dumping collection: FormField...
   - Dumping collection: FormActivity...
   - Dumping collection: Notification...
   - Dumping collection: Customer...
   - Dumping collection: Note...
   - Dumping collection: Backup...
   - Dumping collection: DynamicForm...
   - Dumping collection: FormResponse...
   - Dumping collection: SidebarPermission...
   - Dumping collection: ResponseValue...
   - Dumping collection: PaymentRemark...
✅ Local JSON archive created successfully.
📤 Uploading to S3 bucket: magicscale-backups...
✨ Backup uploaded successfully to cloud: kravy-pos-backup-2026-03-14T05-29-01-924Z.json.gz
📝 Backup metadata saved to database.
🧹 Local temporary file cleaned up.
🏁 Backup process completed successfully!
✅ Backup process finished successfully.
🕒 Finished at: Sat Mar 14 10:59:05 IST 2026
------------------------------------------
DEBUG: Path is /Users/vikas/.nvm/versions/node/v24.13.1/bin:/opt/homebrew/bin:/usr/local/bin:/usr/bin:/bin:/usr/sbin:/sbin:/usr/bin:/bin
DEBUG: Node is at /Users/vikas/.nvm/versions/node/v24.13.1/bin/node
DEBUG: NPM is at /Users/vikas/.nvm/versions/node/v24.13.1/bin/npm
------------------------------------------
📅 Backup started at: Sat Mar 14 11:00:01 IST 2026

> clickup-clone@0.1.0 db:backup
> node scripts/backup/mongodb-backup.js

[dotenv@17.3.1] injecting env (21) from .env -- tip: 🤖 agentic secret storage: https://dotenvx.com/as2
🚀 Starting Kravy POS Pure-JS Backup...
📦 Generating backup: kravy-pos-backup-2026-03-14T05-30-01-719Z.json.gz...
   - Dumping collection: FormRemark...
   - Dumping collection: InternalValue...
   - Dumping collection: AttendanceSummary...
   - Dumping collection: User...
   - Dumping collection: SavedView...
   - Dumping collection: Attendance...
   - Dumping collection: Task...
   - Dumping collection: InternalColumn...
   - Dumping collection: Subtask...
   - Dumping collection: FormPayment...
   - Dumping collection: Goal...
   - Dumping collection: Activity...
   - Dumping collection: AIAnalysis...
   - Dumping collection: DeletedPayment...
   - Dumping collection: FormField...
   - Dumping collection: FormActivity...
   - Dumping collection: Notification...
   - Dumping collection: Customer...
   - Dumping collection: Note...
   - Dumping collection: Backup...
   - Dumping collection: DynamicForm...
   - Dumping collection: FormResponse...
   - Dumping collection: SidebarPermission...
   - Dumping collection: ResponseValue...
   - Dumping collection: PaymentRemark...
✅ Local JSON archive created successfully.
📤 Uploading to S3 bucket: magicscale-backups...
✨ Backup uploaded successfully to cloud: kravy-pos-backup-2026-03-14T05-30-01-719Z.json.gz
📝 Backup metadata saved to database.
🧹 Local temporary file cleaned up.
🏁 Backup process completed successfully!
✅ Backup process finished successfully.
🕒 Finished at: Sat Mar 14 11:00:05 IST 2026
------------------------------------------
DEBUG: Path is /Users/vikas/.nvm/versions/node/v24.13.1/bin:/opt/homebrew/bin:/usr/local/bin:/usr/bin:/bin:/usr/sbin:/sbin:/usr/bin:/bin
DEBUG: Node is at /Users/vikas/.nvm/versions/node/v24.13.1/bin/node
DEBUG: NPM is at /Users/vikas/.nvm/versions/node/v24.13.1/bin/npm
------------------------------------------
📅 Backup started at: Sat Mar 14 11:01:00 IST 2026

> clickup-clone@0.1.0 db:backup
> node scripts/backup/mongodb-backup.js

[dotenv@17.3.1] injecting env (21) from .env -- tip: ⚙️  override existing env vars with { override: true }
🚀 Starting Kravy POS Pure-JS Backup...
📦 Generating backup: kravy-pos-backup-2026-03-14T05-31-01-288Z.json.gz...
   - Dumping collection: FormRemark...
   - Dumping collection: InternalValue...
   - Dumping collection: AttendanceSummary...
   - Dumping collection: User...
   - Dumping collection: SavedView...
   - Dumping collection: Attendance...
   - Dumping collection: Task...
   - Dumping collection: InternalColumn...
   - Dumping collection: Subtask...
   - Dumping collection: FormPayment...
   - Dumping collection: Goal...
   - Dumping collection: Activity...
   - Dumping collection: AIAnalysis...
   - Dumping collection: DeletedPayment...
   - Dumping collection: FormField...
   - Dumping collection: FormActivity...
   - Dumping collection: Notification...
   - Dumping collection: Customer...
   - Dumping collection: Note...
   - Dumping collection: Backup...
   - Dumping collection: DynamicForm...
   - Dumping collection: FormResponse...
   - Dumping collection: SidebarPermission...
   - Dumping collection: ResponseValue...
   - Dumping collection: PaymentRemark...
✅ Local JSON archive created successfully.
📤 Uploading to S3 bucket: magicscale-backups...
✨ Backup uploaded successfully to cloud: kravy-pos-backup-2026-03-14T05-31-01-288Z.json.gz
📝 Backup metadata saved to database.
🧹 Local temporary file cleaned up.
🏁 Backup process completed successfully!
✅ Backup process finished successfully.
🕒 Finished at: Sat Mar 14 11:01:04 IST 2026
------------------------------------------
------------------------------------------
📅 Backup started at: Thu Mar 26 02:00:01 IST 2026
📂 Project Dir: /Users/vikas/msteamMAGIC
📝 Using Log File: /Users/vikas/msteamMAGIC/scripts/backup/backup.log
node:internal/modules/cjs/loader:1451
  throw err;
  ^

Error: Cannot find module '/Users/vikas/msteamMAGIC/scripts/backup/mongodb-backup.js'
    at Module._resolveFilename (node:internal/modules/cjs/loader:1448:15)
    at defaultResolveImpl (node:internal/modules/cjs/loader:1059:19)
    at resolveForCJSWithHooks (node:internal/modules/cjs/loader:1064:22)
    at Module._load (node:internal/modules/cjs/loader:1234:25)
    at TracingChannel.traceSync (node:diagnostics_channel:328:14)
    at wrapModuleLoad (node:internal/modules/cjs/loader:245:24)
    at Module.executeUserEntryPoint [as runMain] (node:internal/modules/run_main:154:5)
    at node:internal/main/run_main_module:33:47 {
  code: 'MODULE_NOT_FOUND',
  requireStack: []
}

Node.js v24.13.1
❌ Backup process failed. Check the logs above.
🕒 Finished at: Thu Mar 26 02:00:01 IST 2026
------------------------------------------
